    [92;1mBuilding[0m App: arceos-vmm, Arch: riscv64, Platform: riscv64-qemu-virt, App type: rust
[37mcargo build[0m [90m--target riscv64gc-unknown-none-elf --target-dir /home/parallels/Tsinghua/arceos-umhv/arceos-vmm/target --release  --manifest-path /home/parallels/Tsinghua/arceos-umhv/arceos-vmm/Cargo.toml --features "axstd/log-level-info axstd/bus-pci"[0m
[37mrust-objcopy --binary-architecture=riscv64[0m [90m/home/parallels/Tsinghua/arceos-umhv/arceos-vmm/arceos-vmm_riscv64-qemu-virt.elf --strip-all -O binary /home/parallels/Tsinghua/arceos-umhv/arceos-vmm/arceos-vmm_riscv64-qemu-virt.bin[0m
[37mrust-objdump -d --print-imm-hex --x86-asm-syntax=intel[0m [90m/home/parallels/Tsinghua/arceos-umhv/arceos-vmm/arceos-vmm_riscv64-qemu-virt.elf --demangle -d > /home/parallels/Tsinghua/arceos-umhv/arceos-vmm/arceos-vmm_riscv64-qemu-virt.asm[0m
    [96;1mRunning[0m on qemu...
[37mqemu-system-riscv64[0m [90m-m 2G -smp 1 -machine virt -bios default -kernel /home/parallels/Tsinghua/arceos-umhv/arceos-vmm/arceos-vmm_riscv64-qemu-virt.bin -D qemu.log -d in_asm,int -device virtio-blk-pci,drive=disk0 -drive id=disk0,if=none,format=raw,file=disk.img -nographic[0m

OpenSBI v1.0
   ____                    _____ ____ _____
  / __ \                  / ____|  _ \_   _|
 | |  | |_ __   ___ _ __ | (___ | |_) || |
 | |  | | '_ \ / _ \ '_ \ \___ \|  _ < | |
 | |__| | |_) |  __/ | | |____) | |_) || |_
  \____/| .__/ \___|_| |_|_____/|____/_____|
        | |
        |_|

Platform Name             : riscv-virtio,qemu
Platform Features         : medeleg
Platform HART Count       : 1
Platform IPI Device       : aclint-mswi
Platform Timer Device     : aclint-mtimer @ 10000000Hz
Platform Console Device   : uart8250
Platform HSM Device       : ---
Platform Reboot Device    : sifive_test
Platform Shutdown Device  : sifive_test
Firmware Base             : 0x80000000
Firmware Size             : 252 KB
Runtime SBI Version       : 0.3

Domain0 Name              : root
Domain0 Boot HART         : 0
Domain0 HARTs             : 0*
Domain0 Region00          : 0x0000000002000000-0x000000000200ffff (I)
Domain0 Region01          : 0x0000000080000000-0x000000008003ffff ()
Domain0 Region02          : 0x0000000000000000-0xffffffffffffffff (R,W,X)
Domain0 Next Address      : 0x0000000080200000
Domain0 Next Arg1         : 0x00000000bfe00000
Domain0 Next Mode         : S-mode
Domain0 SysReset          : yes

Boot HART ID              : 0
Boot HART Domain          : root
Boot HART ISA             : rv64imafdcsuh
Boot HART Features        : scounteren,mcounteren,mcountinhibit,time
Boot HART PMP Count       : 16
Boot HART PMP Granularity : 4
Boot HART PMP Address Bits: 54
Boot HART MHPM Count      : 16
Boot HART MIDELEG         : 0x0000000000001666
Boot HART MEDELEG         : 0x0000000000f0b509

       d8888                            .d88888b.   .d8888b.
      d88888                           d88P" "Y88b d88P  Y88b
     d88P888                           888     888 Y88b.
    d88P 888 888d888  .d8888b  .d88b.  888     888  "Y888b.
   d88P  888 888P"   d88P"    d8P  Y8b 888     888     "Y88b.
  d88P   888 888     888      88888888 888     888       "888
 d8888888888 888     Y88b.    Y8b.     Y88b. .d88P Y88b  d88P
d88P     888 888      "Y8888P  "Y8888   "Y88888P"   "Y8888P"

arch = riscv64
platform = riscv64-qemu-virt
target = riscv64gc-unknown-none-elf
smp = 1
build_mode = release
log_level = info

[37m[  0.062963 0 axruntime:130] [32mLogging is enabled.[m
[m[37m[  0.064401 0 axruntime:131] [32mPrimary CPU 0 started, dtb = 0xbfe00000.[m
[m[37m[  0.065042 0 axruntime:133] [32mFound physcial memory regions:[m
[m[37m[  0.065757 0 axruntime:135] [32m  [PA:0x80200000, PA:0x80250000) .text (READ | EXECUTE | RESERVED)[m
[m[37m[  0.066552 0 axruntime:135] [32m  [PA:0x80250000, PA:0x80266000) .rodata (READ | RESERVED)[m
[m[37m[  0.067064 0 axruntime:135] [32m  [PA:0x80266000, PA:0x80269000) .data .tdata .tbss .percpu (READ | WRITE | RESERVED)[m
[m[37m[  0.067695 0 axruntime:135] [32m  [PA:0x80269000, PA:0x802a9000) boot stack (READ | WRITE | RESERVED)[m
[m[37m[  0.068247 0 axruntime:135] [32m  [PA:0x802a9000, PA:0x802cd000) .bss (READ | WRITE | RESERVED)[m
[m[37m[  0.068809 0 axruntime:135] [32m  [PA:0x802cd000, PA:0x88000000) free memory (READ | WRITE | FREE)[m
[m[37m[  0.069413 0 axruntime:135] [32m  [PA:0x101000, PA:0x102000) mmio (READ | WRITE | DEVICE | RESERVED)[m
[m[37m[  0.073992 0 axruntime:135] [32m  [PA:0xc000000, PA:0xc210000) mmio (READ | WRITE | DEVICE | RESERVED)[m
[m[37m[  0.074551 0 axruntime:135] [32m  [PA:0x10000000, PA:0x10001000) mmio (READ | WRITE | DEVICE | RESERVED)[m
[m[37m[  0.075127 0 axruntime:135] [32m  [PA:0x10001000, PA:0x10009000) mmio (READ | WRITE | DEVICE | RESERVED)[m
[m[37m[  0.075701 0 axruntime:135] [32m  [PA:0x30000000, PA:0x40000000) mmio (READ | WRITE | DEVICE | RESERVED)[m
[m[37m[  0.076277 0 axruntime:135] [32m  [PA:0x40000000, PA:0x80000000) mmio (READ | WRITE | DEVICE | RESERVED)[m
[m[37m[  0.076928 0 axruntime:208] [32mInitialize global memory allocator...[m
[m[37m[  0.077408 0 axruntime:209] [32m  use TLSF allocator.[m
[m[37m[  0.079606 0 axmm:60] [32mInitialize virtual memory management...[m
[m[37m[  0.097099 0 axruntime:150] [32mInitialize platform devices...[m
[m[37m[  0.101822 0 axdriver:152] [32mInitialize device drivers...[m
[m[37m[  0.102353 0 axdriver:153] [32m  device model: static[m
[m[37m[  0.105987 0 virtio_drivers::device::blk:59] [32mconfig: 0xffffffc040006000[m
[m[37m[  0.106758 0 virtio_drivers::device::blk:64] [32mfound a block device of size 65536KB[m
[m[37m[  0.107729 0 axdriver::bus::pci:104] [32mregistered a new Block device at 00:01.0: "virtio-blk"[m
[m[37m[  0.151411 0 axfs:41] [32mInitialize filesystems...[m
[m[37m[  0.152001 0 axfs:44] [32m  use block device 0: "virtio-blk"[m
[m[37m[  0.179844 0 fatfs::dir:139] [31mIs a directory[m
[m[37m[  0.218047 0 fatfs::dir:139] [31mIs a directory[m
[m[37m[  0.306705 0 fatfs::dir:139] [31mIs a directory[m
[m[37m[  0.359934 0 fatfs::dir:139] [31mIs a directory[m
[m[37m[  0.385052 0 axruntime:176] [32mInitialize interrupt handlers...[m
[m[37m[  0.390294 0 axruntime:186] [32mPrimary CPU 0 init OK.[m
[m[37m[  0.392479 0 arceos_vmm:27] [32mStarting virtualization...[m
[m[37m[  0.392975 0 arceos_vmm:30] [32mHardware support: true[m
[m[37m[  0.393460 0 axvm::arch::riscv64:40] [32mregister_handler[m
[m[37m[  0.459585 0 axvm::vm:116] [32mVM created: id=1[m
[m[37m[  0.460202 0 axvm::vm:131] [32mVM setup: id=1[m
[m[37m[  0.460627 0 arceos_vmm:58] [32mVM[1] created success, loading images...[m
[m[37m[  0.652861 0 arceos_vmm:61] [32mBoot VM[1]...[m
[mQEMU: Terminated
